  Animation.cpp
  Billboard.cpp
  BinaryFile.cpp
  BlendState.cpp
  BloodEffect.cpp
  Camera.cpp
  Collider.cpp
  CubeRenderTarget.cpp
  DeathEffect.cpp
  DepthState.cpp
  Dijkstra.cpp
  Direct3D11.cpp
  DustEffect.cpp
  Dwrite.cpp
  Environment.cpp
  ExploedEffect.cpp
C:\Users\user\Desktop\D3DPPT\2DFrameWork\CubeRenderTarget.cpp(10,16): warning C4244: '=': 'float'에서 'UINT'(으)로 변환하면서 데이터가 손실될 수 있습니다.
C:\Users\user\Desktop\D3DPPT\2DFrameWork\CubeRenderTarget.cpp(11,17): warning C4244: '=': 'float'에서 'UINT'(으)로 변환하면서 데이터가 손실될 수 있습니다.
C:\Users\user\Desktop\D3DPPT\2DFrameWork\CubeRenderTarget.cpp(48,16): warning C4244: '=': 'float'에서 'UINT'(으)로 변환하면서 데이터가 손실될 수 있습니다.
C:\Users\user\Desktop\D3DPPT\2DFrameWork\CubeRenderTarget.cpp(49,17): warning C4244: '=': 'float'에서 'UINT'(으)로 변환하면서 데이터가 손실될 수 있습니다.
C:\Users\user\Desktop\D3DPPT\2DFrameWork\CubeRenderTarget.cpp(72,23): warning C4244: '=': 'float'에서 'int'(으)로 변환하면서 데이터가 손실될 수 있습니다.
C:\Users\user\Desktop\D3DPPT\2DFrameWork\CubeRenderTarget.cpp(73,24): warning C4244: '=': 'float'에서 'int'(으)로 변환하면서 데이터가 손실될 수 있습니다.
C:\Users\user\Desktop\D3DPPT\2DFrameWork\CubeRenderTarget.cpp(88,26): warning C4244: '인수': 'UINT'에서 'float'(으)로 변환하면서 데이터가 손실될 수 있습니다.
C:\Users\user\Desktop\D3DPPT\2DFrameWork\CubeRenderTarget.cpp(88,19): warning C4244: '인수': 'UINT'에서 'float'(으)로 변환하면서 데이터가 손실될 수 있습니다.
C:\Users\user\Desktop\D3DPPT\2DFrameWork\CubeRenderTarget.cpp(128,16): warning C4244: '=': 'float'에서 'int'(으)로 변환하면서 데이터가 손실될 수 있습니다.
C:\Users\user\Desktop\D3DPPT\2DFrameWork\CubeRenderTarget.cpp(129,17): warning C4244: '=': 'float'에서 'int'(으)로 변환하면서 데이터가 손실될 수 있습니다.
C:\Users\user\Desktop\D3DPPT\2DFrameWork\Environment.cpp(56,23): warning C4244: '인수': 'int'에서 'float'(으)로 변환하면서 데이터가 손실될 수 있습니다.
C:\Users\user\Desktop\D3DPPT\2DFrameWork\Environment.cpp(56,16): warning C4244: '인수': 'int'에서 'float'(으)로 변환하면서 데이터가 손실될 수 있습니다.
C:\Users\user\Desktop\D3DPPT\2DFrameWork\Environment.cpp(60,23): warning C4244: '인수': 'int'에서 'float'(으)로 변환하면서 데이터가 손실될 수 있습니다.
C:\Users\user\Desktop\D3DPPT\2DFrameWork\Environment.cpp(60,16): warning C4244: '인수': 'int'에서 'float'(으)로 변환하면서 데이터가 손실될 수 있습니다.
C:\Users\user\Desktop\D3DPPT\2DFrameWork\Environment.cpp(93,51): warning C4244: '인수': 'int'에서 'float'(으)로 변환하면서 데이터가 손실될 수 있습니다.
C:\Users\user\Desktop\D3DPPT\2DFrameWork\Dijkstra.cpp(128,22): warning C4267: '인수': 'size_t'에서 'UINT'(으)로 변환하면서 데이터가 손실될 수 있습니다.
C:\Users\user\Desktop\D3DPPT\2DFrameWork\Dijkstra.cpp(133,41): warning C4267: '인수': 'size_t'에서 'UINT'(으)로 변환하면서 데이터가 손실될 수 있습니다.
C:\Users\user\Desktop\D3DPPT\2DFrameWork\Dwrite.cpp(176,5): warning C4267: '인수': 'size_t'에서 'UINT32'(으)로 변환하면서 데이터가 손실될 수 있습니다.
  FireEffect.cpp
  GameObject.cpp
  GOImGui.cpp
  Grid.cpp
  Gui.cpp
  HitEffect.cpp
  HorizEffect.cpp
  IcicleEffect.cpp
C:\Users\user\Desktop\D3DPPT\2DFrameWork\Dijkstra.cpp(30): warning C4172: 지역 변수 또는 임시: temp의 주소를 반환하고 있습니다.
  Input.cpp
  Light.cpp
  Material.cpp
  Mesh.cpp
  Pop.cpp
  PostEffect.cpp
  Rain.cpp
  Random.cpp
C:\Users\user\Desktop\D3DPPT\2DFrameWork\Grid.cpp(31,10): warning C4244: '초기화 중': 'int'에서 'float'(으)로 변환하면서 데이터가 손실될 수 있습니다.
C:\Users\user\Desktop\D3DPPT\2DFrameWork\Grid.cpp(34,10): warning C4244: '초기화 중': 'int'에서 'float'(으)로 변환하면서 데이터가 손실될 수 있습니다.
C:\Users\user\Desktop\D3DPPT\2DFrameWork\Pop.cpp(82,21): warning C4018: '<': signed 또는 unsigned가 일치하지 않습니다.
C:\Users\user\Desktop\D3DPPT\2DFrameWork\Mesh.cpp(549,23): warning C4018: '<': signed 또는 unsigned가 일치하지 않습니다.
C:\Users\user\Desktop\D3DPPT\2DFrameWork\Mesh.cpp(565,23): warning C4018: '<': signed 또는 unsigned가 일치하지 않습니다.
C:\Users\user\Desktop\D3DPPT\2DFrameWork\Mesh.cpp(771,23): warning C4018: '<': signed 또는 unsigned가 일치하지 않습니다.
C:\Users\user\Desktop\D3DPPT\2DFrameWork\Rain.cpp(103,21): warning C4018: '<': signed 또는 unsigned가 일치하지 않습니다.
  GOSaveLoad.cpp
  RasterState.cpp
  RenderTarget.cpp
  ResourceManager.cpp
  RoarEffect.cpp
  SceneManager.cpp
  Shader.cpp
  Shadow.cpp
  Skeleton.cpp
  Sky.cpp
  SlashTrail.cpp
  Sound.cpp
  Terrain.cpp
  Texture.cpp
  Timer.cpp
  Transform.cpp
C:\Users\user\Desktop\D3DPPT\2DFrameWork\RenderTarget.cpp(9,22): warning C4244: '=': 'float'에서 'UINT'(으)로 변환하면서 데이터가 손실될 수 있습니다.
C:\Users\user\Desktop\D3DPPT\2DFrameWork\RenderTarget.cpp(10,23): warning C4244: '=': 'float'에서 'UINT'(으)로 변환하면서 데이터가 손실될 수 있습니다.
C:\Users\user\Desktop\D3DPPT\2DFrameWork\RenderTarget.cpp(104,29): warning C4244: '인수': 'UINT'에서 'float'(으)로 변환하면서 데이터가 손실될 수 있습니다.
C:\Users\user\Desktop\D3DPPT\2DFrameWork\RenderTarget.cpp(104,22): warning C4244: '인수': 'UINT'에서 'float'(으)로 변환하면서 데이터가 손실될 수 있습니다.
C:\Users\user\Desktop\D3DPPT\2DFrameWork\RenderTarget.cpp(129,19): warning C4244: '=': 'float'에서 'int'(으)로 변환하면서 데이터가 손실될 수 있습니다.
C:\Users\user\Desktop\D3DPPT\2DFrameWork\RenderTarget.cpp(130,20): warning C4244: '=': 'float'에서 'int'(으)로 변환하면서 데이터가 손실될 수 있습니다.
C:\Users\user\Desktop\D3DPPT\2DFrameWork\Shadow.cpp(40,66): warning C4244: '인수': 'float'에서 'UINT'(으)로 변환하면서 데이터가 손실될 수 있습니다.
C:\Users\user\Desktop\D3DPPT\2DFrameWork\Shadow.cpp(40,57): warning C4244: '인수': 'float'에서 'UINT'(으)로 변환하면서 데이터가 손실될 수 있습니다.
C:\Users\user\Desktop\D3DPPT\2DFrameWork\Shader.cpp(281,44): warning C4267: '초기화 중': 'size_t'에서 'int'(으)로 변환하면서 데이터가 손실될 수 있습니다.
C:\Users\user\Desktop\D3DPPT\2DFrameWork\Shader.cpp(297,26): warning C4267: '인수': 'size_t'에서 'UINT'(으)로 변환하면서 데이터가 손실될 수 있습니다.
C:\Users\user\Desktop\D3DPPT\2DFrameWork\SlashTrail.cpp(69,44): warning C4267: '초기화 중': 'size_t'에서 'int'(으)로 변환하면서 데이터가 손실될 수 있습니다.
C:\Users\user\Desktop\D3DPPT\2DFrameWork\SlashTrail.cpp(87,61): warning C4267: '=': 'size_t'에서 'UINT'(으)로 변환하면서 데이터가 손실될 수 있습니다.
C:\Users\user\Desktop\D3DPPT\2DFrameWork\SlashTrail.cpp(129,42): warning C4267: '인수': 'size_t'에서 'UINT'(으)로 변환하면서 데이터가 손실될 수 있습니다.
C:\Users\user\Desktop\D3DPPT\2DFrameWork\SlashTrail.cpp(146,56): warning C4305: '인수': 'double'에서 'float'(으)로 잘립니다.
C:\Users\user\Desktop\D3DPPT\2DFrameWork\Terrain.cpp(206,24): warning C4018: '<': signed 또는 unsigned가 일치하지 않습니다.
  UI.cpp
  Util.cpp
  VertexType.cpp
  Window.cpp
  Xml.cpp
C:\Users\user\Desktop\D3DPPT\2DFrameWork\Util.cpp(172,32): warning C4244: '=': 'float'에서 'int'(으)로 변환하면서 데이터가 손실될 수 있습니다.
C:\Users\user\Desktop\D3DPPT\2DFrameWork\Util.cpp(173,16): warning C4244: '=': 'float'에서 'int'(으)로 변환하면서 데이터가 손실될 수 있습니다.
C:\Users\user\Desktop\D3DPPT\2DFrameWork\Util.cpp(223,32): warning C4244: '=': 'float'에서 'int'(으)로 변환하면서 데이터가 손실될 수 있습니다.
C:\Users\user\Desktop\D3DPPT\2DFrameWork\Util.cpp(224,16): warning C4244: '=': 'float'에서 'int'(으)로 변환하면서 데이터가 손실될 수 있습니다.
C:\Program Files (x86)\Microsoft Visual Studio\2019\Community\VC\Tools\MSVC\14.29.30133\include\xstring(2541,23): warning C4244: '인수': 'wchar_t'에서 'const _Elem'(으)로 변환하면서 데이터가 손실될 수 있습니다.
          with
          [
              _Elem=char
          ] (소스 파일 컴파일 중 Util.cpp)
C:\Program Files (x86)\Microsoft Visual Studio\2019\Community\VC\Tools\MSVC\14.29.30133\include\xstring(2552): message : 컴파일되는 함수 템플릿 인스턴스화 'void std::basic_string<char,std::char_traits<char>,std::allocator<char>>::_Construct<_InIt>(_Iter,const _Iter,std::input_iterator_tag)'에 대한 참조를 확인하세요.
          with
          [
              _InIt=wchar_t *,
              _Iter=wchar_t *
          ] (소스 파일 컴파일 중 Util.cpp)
C:\Program Files (x86)\Microsoft Visual Studio\2019\Community\VC\Tools\MSVC\14.29.30133\include\xstring(2552): message : 컴파일되는 함수 템플릿 인스턴스화 'void std::basic_string<char,std::char_traits<char>,std::allocator<char>>::_Construct<_InIt>(_Iter,const _Iter,std::input_iterator_tag)'에 대한 참조를 확인하세요.
          with
          [
              _InIt=wchar_t *,
              _Iter=wchar_t *
          ] (소스 파일 컴파일 중 Util.cpp)
C:\Program Files (x86)\Microsoft Visual Studio\2019\Community\VC\Tools\MSVC\14.29.30133\include\xstring(2532): message : 컴파일되는 함수 템플릿 인스턴스화 'void std::basic_string<char,std::char_traits<char>,std::allocator<char>>::_Construct<_InIt>(const _Iter,const _Iter,std::forward_iterator_tag)'에 대한 참조를 확인하세요.
          with
          [
              _InIt=wchar_t *,
              _Iter=wchar_t *
          ] (소스 파일 컴파일 중 Util.cpp)
C:\Program Files (x86)\Microsoft Visual Studio\2019\Community\VC\Tools\MSVC\14.29.30133\include\xstring(2532): message : 컴파일되는 함수 템플릿 인스턴스화 'void std::basic_string<char,std::char_traits<char>,std::allocator<char>>::_Construct<_InIt>(const _Iter,const _Iter,std::forward_iterator_tag)'에 대한 참조를 확인하세요.
          with
          [
              _InIt=wchar_t *,
              _Iter=wchar_t *
          ] (소스 파일 컴파일 중 Util.cpp)
C:\Program Files (x86)\Microsoft Visual Studio\2019\Community\VC\Tools\MSVC\14.29.30133\include\xstring(3260): message : 컴파일되는 함수 템플릿 인스턴스화 'std::basic_string<char,std::char_traits<char>,std::allocator<char>>::basic_string<wchar_t*,0>(_Iter,_Iter,const _Alloc &)'에 대한 참조를 확인하세요.
          with
          [
              _Iter=wchar_t *,
              _Alloc=std::allocator<char>
          ] (소스 파일 컴파일 중 Util.cpp)
C:\Program Files (x86)\Microsoft Visual Studio\2019\Community\VC\Tools\MSVC\14.29.30133\include\xstring(3260): message : 컴파일되는 함수 템플릿 인스턴스화 'std::basic_string<char,std::char_traits<char>,std::allocator<char>>::basic_string<wchar_t*,0>(_Iter,_Iter,const _Alloc &)'에 대한 참조를 확인하세요.
          with
          [
              _Iter=wchar_t *,
              _Alloc=std::allocator<char>
          ] (소스 파일 컴파일 중 Util.cpp)
C:\Users\user\Desktop\D3DPPT\2DFrameWork\Util.cpp(58): message : 컴파일되는 함수 템플릿 인스턴스화 'std::basic_string<char,std::char_traits<char>,std::allocator<char>> &std::basic_string<char,std::char_traits<char>,std::allocator<char>>::assign<std::_String_iterator<std::_String_val<std::_Simple_types<_Elem>>>,0>(const _Iter,const _Iter)'에 대한 참조를 확인하세요.
          with
          [
              _Elem=wchar_t,
              _Iter=std::_String_iterator<std::_String_val<std::_Simple_types<wchar_t>>>
          ]
C:\Users\user\Desktop\D3DPPT\2DFrameWork\Util.cpp(58): message : 컴파일되는 함수 템플릿 인스턴스화 'std::basic_string<char,std::char_traits<char>,std::allocator<char>> &std::basic_string<char,std::char_traits<char>,std::allocator<char>>::assign<std::_String_iterator<std::_String_val<std::_Simple_types<_Elem>>>,0>(const _Iter,const _Iter)'에 대한 참조를 확인하세요.
          with
          [
              _Elem=wchar_t,
              _Iter=std::_String_iterator<std::_String_val<std::_Simple_types<wchar_t>>>
          ]
  2DFrameWork.vcxproj -> C:\Users\user\Desktop\D3DPPT\Build\2DFrameWork\2DFrameWork.lib
