c:\users\user\documents\github\soul\build\2dframework\obj\environment.obj
c:\users\user\documents\github\soul\build\2dframework\obj\icicleeffect.obj
c:\users\user\documents\github\soul\build\2dframework\obj\scenemanager.obj
c:\users\user\documents\github\soul\build\2dframework\obj\dijkstra.obj
c:\users\user\documents\github\soul\build\2dframework\obj\mesh.obj
c:\users\user\documents\github\soul\build\2dframework\obj\shader.obj
c:\users\user\documents\github\soul\build\2dframework\obj\bloodeffect.obj
c:\users\user\documents\github\soul\build\2dframework\obj\hiteffect.obj
c:\users\user\documents\github\soul\build\2dframework\obj\roareffect.obj
c:\users\user\documents\github\soul\build\2dframework\obj\window.obj
c:\users\user\documents\github\soul\build\2dframework\obj\cuberendertarget.obj
c:\users\user\documents\github\soul\build\2dframework\obj\fireeffect.obj
c:\users\user\documents\github\soul\build\2dframework\obj\rasterstate.obj
c:\users\user\documents\github\soul\build\2dframework\obj\util.obj
c:\users\user\documents\github\soul\build\2dframework\obj\animation.obj
c:\users\user\documents\github\soul\build\2dframework\obj\horizeffect.obj
c:\users\user\documents\github\soul\build\2dframework\obj\shadow.obj
c:\users\user\documents\github\soul\build\2dframework\obj\binaryfile.obj
c:\users\user\documents\github\soul\build\2dframework\obj\grid.obj
c:\users\user\documents\github\soul\build\2dframework\obj\random.obj
c:\users\user\documents\github\soul\build\2dframework\obj\vertextype.obj
c:\users\user\documents\github\soul\build\2dframework\obj\dwrite.obj
c:\users\user\documents\github\soul\build\2dframework\obj\pop.obj
c:\users\user\documents\github\soul\build\2dframework\obj\terrain.obj
c:\users\user\documents\github\soul\build\2dframework\obj\camera.obj
c:\users\user\documents\github\soul\build\2dframework\obj\gui.obj
c:\users\user\documents\github\soul\build\2dframework\obj\rendertarget.obj
c:\users\user\documents\github\soul\build\2dframework\obj\ui.obj
c:\users\user\documents\github\soul\build\2dframework\obj\depthstate.obj
c:\users\user\documents\github\soul\build\2dframework\obj\material.obj
c:\users\user\documents\github\soul\build\2dframework\obj\slashtrail.obj
c:\users\user\documents\github\soul\build\2dframework\obj\deatheffect.obj
c:\users\user\documents\github\soul\build\2dframework\obj\light.obj
c:\users\user\documents\github\soul\build\2dframework\obj\texture.obj
c:\users\user\documents\github\soul\build\2dframework\obj\collider.obj
c:\users\user\documents\github\soul\build\2dframework\obj\posteffect.obj
c:\users\user\documents\github\soul\build\2dframework\obj\skeleton.obj
c:\users\user\documents\github\soul\build\2dframework\obj\billboard.obj
c:\users\user\documents\github\soul\build\2dframework\obj\rain.obj
c:\users\user\documents\github\soul\build\2dframework\obj\timer.obj
c:\users\user\documents\github\soul\build\2dframework\obj\exploedeffect.obj
c:\users\user\documents\github\soul\build\2dframework\obj\gosaveload.obj
c:\users\user\documents\github\soul\build\2dframework\obj\transform.obj
c:\users\user\documents\github\soul\build\2dframework\obj\blendstate.obj
c:\users\user\documents\github\soul\build\2dframework\obj\gameobject.obj
c:\users\user\documents\github\soul\build\2dframework\obj\sky.obj
c:\users\user\documents\github\soul\build\2dframework\obj\dusteffect.obj
c:\users\user\documents\github\soul\build\2dframework\obj\goimgui.obj
c:\users\user\documents\github\soul\build\2dframework\obj\sound.obj
c:\users\user\documents\github\soul\build\2dframework\obj\direct3d11.obj
c:\users\user\documents\github\soul\build\2dframework\obj\input.obj
c:\users\user\documents\github\soul\build\2dframework\obj\resourcemanager.obj
c:\users\user\documents\github\soul\build\2dframework\obj\xml.obj
c:\users\user\documents\github\soul\build\2dframework\2dframework.pdb
c:\users\user\documents\github\soul\build\2dframework\2dframework.idb
c:\users\user\documents\github\soul\build\2dframework\2dframework.lib
c:\users\user\desktop\d3dppt\build\2dframework\obj\animation.obj
c:\users\user\desktop\d3dppt\build\2dframework\obj\billboard.obj
c:\users\user\desktop\d3dppt\build\2dframework\obj\binaryfile.obj
c:\users\user\desktop\d3dppt\build\2dframework\obj\blendstate.obj
c:\users\user\desktop\d3dppt\build\2dframework\obj\bloodeffect.obj
c:\users\user\desktop\d3dppt\build\2dframework\obj\camera.obj
c:\users\user\desktop\d3dppt\build\2dframework\obj\collider.obj
c:\users\user\desktop\d3dppt\build\2dframework\obj\cuberendertarget.obj
c:\users\user\desktop\d3dppt\build\2dframework\obj\deatheffect.obj
c:\users\user\desktop\d3dppt\build\2dframework\obj\depthstate.obj
c:\users\user\desktop\d3dppt\build\2dframework\obj\dijkstra.obj
c:\users\user\desktop\d3dppt\build\2dframework\obj\direct3d11.obj
c:\users\user\desktop\d3dppt\build\2dframework\obj\dusteffect.obj
c:\users\user\desktop\d3dppt\build\2dframework\obj\dwrite.obj
c:\users\user\desktop\d3dppt\build\2dframework\obj\environment.obj
c:\users\user\desktop\d3dppt\build\2dframework\obj\exploedeffect.obj
c:\users\user\desktop\d3dppt\build\2dframework\obj\fireeffect.obj
c:\users\user\desktop\d3dppt\build\2dframework\obj\gameobject.obj
c:\users\user\desktop\d3dppt\build\2dframework\obj\goimgui.obj
c:\users\user\desktop\d3dppt\build\2dframework\obj\gosaveload.obj
c:\users\user\desktop\d3dppt\build\2dframework\obj\grid.obj
c:\users\user\desktop\d3dppt\build\2dframework\obj\gui.obj
c:\users\user\desktop\d3dppt\build\2dframework\obj\hiteffect.obj
c:\users\user\desktop\d3dppt\build\2dframework\obj\horizeffect.obj
c:\users\user\desktop\d3dppt\build\2dframework\obj\icicleeffect.obj
c:\users\user\desktop\d3dppt\build\2dframework\obj\input.obj
c:\users\user\desktop\d3dppt\build\2dframework\obj\light.obj
c:\users\user\desktop\d3dppt\build\2dframework\obj\material.obj
c:\users\user\desktop\d3dppt\build\2dframework\obj\mesh.obj
c:\users\user\desktop\d3dppt\build\2dframework\obj\pop.obj
c:\users\user\desktop\d3dppt\build\2dframework\obj\posteffect.obj
c:\users\user\desktop\d3dppt\build\2dframework\obj\rain.obj
c:\users\user\desktop\d3dppt\build\2dframework\obj\random.obj
c:\users\user\desktop\d3dppt\build\2dframework\obj\rasterstate.obj
c:\users\user\desktop\d3dppt\build\2dframework\obj\rendertarget.obj
c:\users\user\desktop\d3dppt\build\2dframework\obj\resourcemanager.obj
c:\users\user\desktop\d3dppt\build\2dframework\obj\roareffect.obj
c:\users\user\desktop\d3dppt\build\2dframework\obj\scenemanager.obj
c:\users\user\desktop\d3dppt\build\2dframework\obj\shader.obj
c:\users\user\desktop\d3dppt\build\2dframework\obj\shadow.obj
c:\users\user\desktop\d3dppt\build\2dframework\obj\skeleton.obj
c:\users\user\desktop\d3dppt\build\2dframework\obj\sky.obj
c:\users\user\desktop\d3dppt\build\2dframework\obj\slashtrail.obj
c:\users\user\desktop\d3dppt\build\2dframework\obj\sound.obj
c:\users\user\desktop\d3dppt\build\2dframework\obj\terrain.obj
c:\users\user\desktop\d3dppt\build\2dframework\obj\texture.obj
c:\users\user\desktop\d3dppt\build\2dframework\obj\timer.obj
c:\users\user\desktop\d3dppt\build\2dframework\obj\transform.obj
c:\users\user\desktop\d3dppt\build\2dframework\obj\ui.obj
c:\users\user\desktop\d3dppt\build\2dframework\obj\util.obj
c:\users\user\desktop\d3dppt\build\2dframework\obj\vertextype.obj
c:\users\user\desktop\d3dppt\build\2dframework\obj\window.obj
c:\users\user\desktop\d3dppt\build\2dframework\obj\xml.obj
c:\users\user\desktop\d3dppt\\build\2dframework\2dframework.pdb
c:\users\user\desktop\d3dppt\build\2dframework\2dframework.lib
c:\users\user\desktop\d3dppt\build\2dframework\obj\2dframework.tlog\cl.command.1.tlog
c:\users\user\desktop\d3dppt\build\2dframework\obj\2dframework.tlog\cl.read.1.tlog
c:\users\user\desktop\d3dppt\build\2dframework\obj\2dframework.tlog\cl.write.1.tlog
c:\users\user\desktop\d3dppt\build\2dframework\obj\2dframework.tlog\lib-link.read.1.tlog
c:\users\user\desktop\d3dppt\build\2dframework\obj\2dframework.tlog\lib-link.write.1.tlog
c:\users\user\desktop\d3dppt\build\2dframework\obj\2dframework.tlog\lib.command.1.tlog
