c:\users\user\documents\github\soul\build\obj\monstertype2.obj
c:\users\user\documents\github\soul\build\obj\commandsearch.obj
c:\users\user\documents\github\soul\build\obj\commandattack.obj
c:\users\user\documents\github\soul\build\obj\commandmove.obj
c:\users\user\documents\github\soul\build\obj\commandchase.obj
c:\users\user\documents\github\soul\build\obj\btsearchnode.obj
c:\users\user\documents\github\soul\build\obj\monsterboss.obj
c:\users\user\documents\github\soul\build\obj\monstertype1.obj
c:\users\user\documents\github\soul\build\obj\aplayer.obj
c:\users\user\documents\github\soul\build\obj\bossscene.obj
c:\users\user\documents\github\soul\build\obj\deadpool.obj
c:\users\user\documents\github\soul\build\obj\solar.obj
c:\users\user\documents\github\soul\build\obj\map.obj
c:\users\user\documents\github\soul\build\obj\gameui.obj
c:\users\user\documents\github\soul\build\obj\rockseffectvt.obj
c:\users\user\documents\github\soul\build\obj\item.obj
c:\users\user\documents\github\soul\build\obj\btsequncenode.obj
c:\users\user\documents\github\soul\build\obj\monster.obj
c:\users\user\documents\github\soul\build\obj\btdecoratornode.obj
c:\users\user\documents\github\soul\build\obj\btmovenode.obj
c:\users\user\documents\github\soul\build\obj\main.obj
c:\users\user\documents\github\soul\build\obj\skh_testscene.obj
c:\users\user\documents\github\soul\build\obj\btnode.obj
c:\users\user\documents\github\soul\build\obj\btchasenode.obj
c:\users\user\documents\github\soul\build\obj\loadingscene.obj
c:\users\user\documents\github\soul\build\obj\studyscene.obj
c:\users\user\documents\github\soul\build\obj\behaviortree.obj
c:\users\user\documents\github\soul\build\obj\scene2.obj
c:\users\user\documents\github\soul\build\obj\btselectornode.obj
c:\users\user\documents\github\soul\build\obj\player.obj
c:\users\user\documents\github\soul\build\obj\btattacknode.obj
c:\users\user\documents\github\soul\build\obj\blackboard.obj
c:\users\user\documents\github\soul\build\obj\gitem.obj
c:\users\user\documents\github\soul\build\obj\command.obj
c:\users\user\documents\github\soul\build\obj\rockseffect.obj
c:\users\user\documents\github\soul\build\obj\btintronode.obj
c:\users\user\documents\github\soul\build\obj\commandhit.obj
c:\users\user\documents\github\soul\build\obj\btjumpnode.obj
c:\users\user\documents\github\soul\build\obj\commandintro.obj
c:\users\user\documents\github\soul\build\obj\commandjump.obj
c:\users\user\documents\github\soul\build\obj\attacksubject.obj
c:\users\user\documents\github\soul\build\obj\collisionsubject.obj
c:\users\user\documents\github\soul\build\obj\isubject.obj
c:\users\user\documents\github\soul\build\obj\attackobserver.obj
c:\users\user\documents\github\soul\build\obj\collisionobserver.obj
c:\users\user\documents\github\soul\build\obj\iobserver.obj
c:\users\user\documents\github\soul\build\obj\vc142.pdb
c:\users\user\documents\github\soul\build\obj\vc142.idb
c:\users\user\documents\github\soul\build\game1.lib
c:\users\user\documents\github\soul\build\game1.exp
c:\users\user\documents\github\soul\build\game1.exe
c:\users\user\documents\github\soul\build\obj\game1.ilk
c:\users\user\documents\github\soul\build\game1.pdb
c:\users\user\desktop\d3dppt\build\obj\aplayer.obj
c:\users\user\desktop\d3dppt\build\obj\attackobserver.obj
c:\users\user\desktop\d3dppt\build\obj\attacksubject.obj
c:\users\user\desktop\d3dppt\build\obj\behaviortree.obj
c:\users\user\desktop\d3dppt\build\obj\blackboard.obj
c:\users\user\desktop\d3dppt\build\obj\bossscene.obj
c:\users\user\desktop\d3dppt\build\obj\btattacknode.obj
c:\users\user\desktop\d3dppt\build\obj\btchasenode.obj
c:\users\user\desktop\d3dppt\build\obj\btdecoratornode.obj
c:\users\user\desktop\d3dppt\build\obj\btintronode.obj
c:\users\user\desktop\d3dppt\build\obj\btjumpnode.obj
c:\users\user\desktop\d3dppt\build\obj\btmovenode.obj
c:\users\user\desktop\d3dppt\build\obj\btnode.obj
c:\users\user\desktop\d3dppt\build\obj\btsearchnode.obj
c:\users\user\desktop\d3dppt\build\obj\btselectornode.obj
c:\users\user\desktop\d3dppt\build\obj\btsequncenode.obj
c:\users\user\desktop\d3dppt\build\obj\collisionobserver.obj
c:\users\user\desktop\d3dppt\build\obj\collisionsubject.obj
c:\users\user\desktop\d3dppt\build\obj\command.obj
c:\users\user\desktop\d3dppt\build\obj\commandattack.obj
c:\users\user\desktop\d3dppt\build\obj\commandchase.obj
c:\users\user\desktop\d3dppt\build\obj\commandhit.obj
c:\users\user\desktop\d3dppt\build\obj\commandintro.obj
c:\users\user\desktop\d3dppt\build\obj\commandjump.obj
c:\users\user\desktop\d3dppt\build\obj\commandmove.obj
c:\users\user\desktop\d3dppt\build\obj\commandsearch.obj
c:\users\user\desktop\d3dppt\build\obj\deadpool.obj
c:\users\user\desktop\d3dppt\build\obj\gameui.obj
c:\users\user\desktop\d3dppt\build\obj\gitem.obj
c:\users\user\desktop\d3dppt\build\obj\iobserver.obj
c:\users\user\desktop\d3dppt\build\obj\isubject.obj
c:\users\user\desktop\d3dppt\build\obj\item.obj
c:\users\user\desktop\d3dppt\build\obj\loadingscene.obj
c:\users\user\desktop\d3dppt\build\obj\main.obj
c:\users\user\desktop\d3dppt\build\obj\map.obj
c:\users\user\desktop\d3dppt\build\obj\monster.obj
c:\users\user\desktop\d3dppt\build\obj\monsterboss.obj
c:\users\user\desktop\d3dppt\build\obj\monstertype1.obj
c:\users\user\desktop\d3dppt\build\obj\monstertype2.obj
c:\users\user\desktop\d3dppt\build\obj\player.obj
c:\users\user\desktop\d3dppt\build\obj\rockseffect.obj
c:\users\user\desktop\d3dppt\build\obj\rockseffectvt.obj
c:\users\user\desktop\d3dppt\build\obj\scene2.obj
c:\users\user\desktop\d3dppt\build\obj\skh_testscene.obj
c:\users\user\desktop\d3dppt\build\obj\solar.obj
c:\users\user\desktop\d3dppt\build\obj\studyscene.obj
c:\users\user\desktop\d3dppt\build\obj\game1.ilk
c:\users\user\desktop\d3dppt\build\obj\vc142.idb
c:\users\user\desktop\d3dppt\build\obj\vc142.pdb
c:\users\user\desktop\d3dppt\\build\game1.pdb
c:\users\user\desktop\d3dppt\build\game1.exe
c:\users\user\desktop\d3dppt\build\obj\game1.tlog\cl.command.1.tlog
c:\users\user\desktop\d3dppt\build\obj\game1.tlog\cl.read.1.tlog
c:\users\user\desktop\d3dppt\build\obj\game1.tlog\cl.write.1.tlog
c:\users\user\desktop\d3dppt\build\obj\game1.tlog\game1.write.1u.tlog
c:\users\user\desktop\d3dppt\build\obj\game1.tlog\link.command.1.tlog
c:\users\user\desktop\d3dppt\build\obj\game1.tlog\link.read.1.tlog
c:\users\user\desktop\d3dppt\build\obj\game1.tlog\link.write.1.tlog
