c:\users\user\documents\github\soul\build\obj\vc142.pdb
c:\users\user\documents\github\soul\build\obj\vc142.idb
c:\users\user\documents\github\soul\build\obj\main.obj
c:\users\user\documents\github\soul\build\obj\objloader.ilk
c:\users\user\documents\github\soul\build\objloader.exe
c:\users\user\documents\github\soul\build\objloader.pdb
c:\users\user\documents\github\soul\build\objloader.lib
c:\users\user\documents\github\soul\build\objloader.exp
c:\users\user\documents\github\soul\build\obj\aplayer.obj
c:\users\user\documents\github\soul\build\obj\behaviortree.obj
c:\users\user\documents\github\soul\build\obj\blackboard.obj
c:\users\user\documents\github\soul\build\obj\btattacknode.obj
c:\users\user\documents\github\soul\build\obj\btchasenode.obj
c:\users\user\documents\github\soul\build\obj\btdecoratornode.obj
c:\users\user\documents\github\soul\build\obj\btintronode.obj
c:\users\user\documents\github\soul\build\obj\btjumpnode.obj
c:\users\user\documents\github\soul\build\obj\btmovenode.obj
c:\users\user\documents\github\soul\build\obj\btnode.obj
c:\users\user\documents\github\soul\build\obj\btsearchnode.obj
c:\users\user\documents\github\soul\build\obj\btselectornode.obj
c:\users\user\documents\github\soul\build\obj\btsequncenode.obj
c:\users\user\documents\github\soul\build\obj\command.obj
c:\users\user\documents\github\soul\build\obj\commandattack.obj
c:\users\user\documents\github\soul\build\obj\commandchase.obj
c:\users\user\documents\github\soul\build\obj\commandhit.obj
c:\users\user\documents\github\soul\build\obj\commandintro.obj
c:\users\user\documents\github\soul\build\obj\commandjump.obj
c:\users\user\documents\github\soul\build\obj\commandmove.obj
c:\users\user\documents\github\soul\build\obj\commandsearch.obj
c:\users\user\documents\github\soul\build\obj\deadpool.obj
c:\users\user\documents\github\soul\build\obj\gameui.obj
c:\users\user\documents\github\soul\build\obj\gitem.obj
c:\users\user\documents\github\soul\build\obj\item.obj
c:\users\user\documents\github\soul\build\obj\loadingscene.obj
c:\users\user\documents\github\soul\build\obj\map.obj
c:\users\user\documents\github\soul\build\obj\monster.obj
c:\users\user\documents\github\soul\build\obj\monsterboss.obj
c:\users\user\documents\github\soul\build\obj\monstertype1.obj
c:\users\user\documents\github\soul\build\obj\monstertype2.obj
c:\users\user\documents\github\soul\build\obj\player.obj
c:\users\user\documents\github\soul\build\obj\rockseffect.obj
c:\users\user\documents\github\soul\build\obj\rockseffectvt.obj
c:\users\user\documents\github\soul\build\obj\scene2.obj
c:\users\user\documents\github\soul\build\obj\skh_testscene.obj
c:\users\user\documents\github\soul\build\obj\solar.obj
c:\users\user\documents\github\soul\build\obj\studyscene.obj
c:\users\user\documents\github\soul\build\obj\game1.ilk
c:\users\user\documents\github\soul\\build\objloader.pdb
c:\users\user\documents\github\soul\build\obj\objloader.tlog\cl.command.1.tlog
c:\users\user\documents\github\soul\build\obj\objloader.tlog\cl.read.1.tlog
c:\users\user\documents\github\soul\build\obj\objloader.tlog\cl.write.1.tlog
c:\users\user\documents\github\soul\build\obj\objloader.tlog\link.command.1.tlog
c:\users\user\documents\github\soul\build\obj\objloader.tlog\link.read.1.tlog
c:\users\user\documents\github\soul\build\obj\objloader.tlog\link.write.1.tlog
c:\users\user\documents\github\soul\build\obj\objloader.tlog\objloader.write.1u.tlog
